e:\workspace\classclient\classsdk\paassdk\webrtcsdk\interactive_live_sdk_win\vhall_webrtc_sdk\x64\debug\json.obj
e:\workspace\classclient\classsdk\paassdk\webrtcsdk\interactive_live_sdk_win\vhall_webrtc_sdk\x64\debug\json_reader.obj
e:\workspace\classclient\classsdk\paassdk\webrtcsdk\interactive_live_sdk_win\vhall_webrtc_sdk\x64\debug\json_value.obj
e:\workspace\classclient\classsdk\paassdk\webrtcsdk\interactive_live_sdk_win\vhall_webrtc_sdk\x64\debug\json_writer.obj
e:\workspace\classclient\classsdk\paassdk\webrtcsdk\interactive_live_sdk_win\vhall_webrtc_sdk\x64\debug\bufferqueue.obj
e:\workspace\classclient\classsdk\paassdk\webrtcsdk\interactive_live_sdk_win\vhall_webrtc_sdk\x64\debug\dllmain.obj
e:\workspace\classclient\classsdk\paassdk\webrtcsdk\interactive_live_sdk_win\vhall_webrtc_sdk\x64\debug\logging.obj
e:\workspace\classclient\classsdk\paassdk\webrtcsdk\interactive_live_sdk_win\vhall_webrtc_sdk\x64\debug\mediareader.obj
e:\workspace\classclient\classsdk\paassdk\webrtcsdk\interactive_live_sdk_win\vhall_webrtc_sdk\x64\debug\stdafx.obj
e:\workspace\classclient\classsdk\paassdk\webrtcsdk\interactive_live_sdk_win\vhall_webrtc_sdk\x64\debug\audiobuffer.obj
e:\workspace\classclient\classsdk\paassdk\webrtcsdk\interactive_live_sdk_win\vhall_webrtc_sdk\x64\debug\voicechange.obj
e:\workspace\classclient\classsdk\paassdk\webrtcsdk\interactive_live_sdk_win\vhall_webrtc_sdk\x64\debug\vhbeautifyfilter.obj
e:\workspace\classclient\classsdk\paassdk\webrtcsdk\interactive_live_sdk_win\vhall_webrtc_sdk\x64\debug\vhbeautifyrender.obj
e:\workspace\classclient\classsdk\paassdk\webrtcsdk\interactive_live_sdk_win\vhall_webrtc_sdk\x64\debug\vhgpuimagebrightnessfilter.obj
e:\workspace\classclient\classsdk\paassdk\webrtcsdk\interactive_live_sdk_win\vhall_webrtc_sdk\x64\debug\vhgpuimagefilter.obj
e:\workspace\classclient\classsdk\paassdk\webrtcsdk\interactive_live_sdk_win\vhall_webrtc_sdk\x64\debug\vhrunnable.obj
e:\workspace\classclient\classsdk\paassdk\webrtcsdk\interactive_live_sdk_win\vhall_webrtc_sdk\x64\debug\vhshaderutil.obj
e:\workspace\classclient\classsdk\paassdk\webrtcsdk\interactive_live_sdk_win\vhall_webrtc_sdk\x64\debug\vhglcontext.obj
e:\workspace\classclient\classsdk\paassdk\webrtcsdk\interactive_live_sdk_win\vhall_webrtc_sdk\x64\debug\vhopenglbase.obj
e:\workspace\classclient\classsdk\paassdk\webrtcsdk\interactive_live_sdk_win\vhall_webrtc_sdk\x64\debug\imageenhance.obj
e:\workspace\classclient\classsdk\paassdk\webrtcsdk\interactive_live_sdk_win\vhall_webrtc_sdk\x64\debug\base64.obj
e:\workspace\classclient\classsdk\paassdk\webrtcsdk\interactive_live_sdk_win\vhall_webrtc_sdk\x64\debug\data_combine_split.obj
e:\workspace\classclient\classsdk\paassdk\webrtcsdk\interactive_live_sdk_win\vhall_webrtc_sdk\x64\debug\live_sys.obj
e:\workspace\classclient\classsdk\paassdk\webrtcsdk\interactive_live_sdk_win\vhall_webrtc_sdk\x64\debug\sdp_helpers.obj
e:\workspace\classclient\classsdk\paassdk\webrtcsdk\interactive_live_sdk_win\vhall_webrtc_sdk\x64\debug\urlparse.obj
e:\workspace\classclient\classsdk\paassdk\webrtcsdk\interactive_live_sdk_win\vhall_webrtc_sdk\x64\debug\vhall_define.obj
e:\workspace\classclient\classsdk\paassdk\webrtcsdk\interactive_live_sdk_win\vhall_webrtc_sdk\x64\debug\vhall_log.obj
e:\workspace\classclient\classsdk\paassdk\webrtcsdk\interactive_live_sdk_win\vhall_webrtc_sdk\x64\debug\vhall_utility.obj
e:\workspace\classclient\classsdk\paassdk\webrtcsdk\interactive_live_sdk_win\vhall_webrtc_sdk\x64\debug\video_profile.obj
e:\workspace\classclient\classsdk\paassdk\webrtcsdk\interactive_live_sdk_win\vhall_webrtc_sdk\x64\debug\broadcastevents.obj
e:\workspace\classclient\classsdk\paassdk\webrtcsdk\interactive_live_sdk_win\vhall_webrtc_sdk\x64\debug\deviceobtain.obj
e:\workspace\classclient\classsdk\paassdk\webrtcsdk\interactive_live_sdk_win\vhall_webrtc_sdk\x64\debug\audiocapturemix.obj
e:\workspace\classclient\classsdk\paassdk\webrtcsdk\interactive_live_sdk_win\vhall_webrtc_sdk\x64\debug\audiodevicenotify.obj
e:\workspace\classclient\classsdk\paassdk\webrtcsdk\interactive_live_sdk_win\vhall_webrtc_sdk\x64\debug\audioloopbackrecording.obj
e:\workspace\classclient\classsdk\paassdk\webrtcsdk\interactive_live_sdk_win\vhall_webrtc_sdk\x64\debug\dshowaudiocapture.obj
e:\workspace\classclient\classsdk\paassdk\webrtcsdk\interactive_live_sdk_win\vhall_webrtc_sdk\x64\debug\vhallaudiomixing.obj
e:\workspace\classclient\classsdk\paassdk\webrtcsdk\interactive_live_sdk_win\vhall_webrtc_sdk\x64\debug\admconfig.obj
e:\workspace\classclient\classsdk\paassdk\webrtcsdk\interactive_live_sdk_win\vhall_webrtc_sdk\x64\debug\audioexport.obj
e:\workspace\classclient\classsdk\paassdk\webrtcsdk\interactive_live_sdk_win\vhall_webrtc_sdk\x64\debug\baseaudiodevicemodule.obj
e:\workspace\classclient\classsdk\paassdk\webrtcsdk\interactive_live_sdk_win\vhall_webrtc_sdk\x64\debug\vhall_webrtc_sdk.tlog\clang-cl.11980.write.1.tlog
e:\workspace\classclient\classsdk\paassdk\webrtcsdk\interactive_live_sdk_win\vhall_webrtc_sdk\x64\debug\vhall_webrtc_sdk.tlog\clang-cl.command.1.tlog
e:\workspace\classclient\classsdk\paassdk\webrtcsdk\interactive_live_sdk_win\vhall_webrtc_sdk\x64\debug\vhall_webrtc_sdk.tlog\clang-cl.read.1.tlog
